<?xml version="1.0" encoding="UTF-8"?>
<!-- Generated by org.testng.reporters.JUnitReportReporter -->
<testsuite hostname="Preetam" failures="0" tests="2" name="testNGTest.TestMouseAction" time="19.746" errors="0" timestamp="2023-02-15T15:30:31 EST" skipped="0">
  <testcase classname="testNGTest.TestMouseAction" name="gotoYourOrder" time="9.668"/>
  <system-out/>
  <testcase classname="testNGTest.TestMouseAction" name="gotoYourOrder" time="10.078"/>
  <system-out/>
</testsuite> <!-- testNGTest.TestMouseAction -->
