<?xml version="1.0" encoding="UTF-8"?>
<!-- Generated by org.testng.reporters.JUnitReportReporter -->
<testsuite hostname="Preetam" failures="0" tests="1" name="testNGTest.AmazonSignInTest" time="0.000" errors="1" timestamp="2023-02-13T23:48:22 EST" skipped="0">
  <testcase classname="testNGTest.AmazonSignInTest" name="signIn" time="0.000">
    <error message="
Data Provider public java.lang.String testNGTest.AmazonSignInTest.getSignIndata() throws org.apache.poi.EncryptedDocumentException,java.io.IOException must return either Object[][] or Object[] or Iterator&lt;Object[]&gt; or Iterator&lt;Object&gt;, not class java.lang.String" type="org.testng.TestNGException">
      <![CDATA[org.testng.TestNGException: 
Data Provider public java.lang.String testNGTest.AmazonSignInTest.getSignIndata() throws org.apache.poi.EncryptedDocumentException,java.io.IOException must return either Object[][] or Object[] or Iterator<Object[]> or Iterator<Object>, not class java.lang.String
at org.testng.internal.MethodInvocationHelper.invokeDataProvider(MethodInvocationHelper.java:175)
at org.testng.internal.Parameters.handleParameters(Parameters.java:798)
at org.testng.internal.Parameters.handleParameters(Parameters.java:740)
at org.testng.internal.ParameterHandler.handleParameters(ParameterHandler.java:59)
at org.testng.internal.ParameterHandler.createParameters(ParameterHandler.java:38)
at org.testng.internal.TestInvoker$MethodInvocationAgent.invoke(TestInvoker.java:791)
at org.testng.internal.TestInvoker.invokeTestMethods(TestInvoker.java:146)
at org.testng.internal.TestMethodWorker.invokeTestMethods(TestMethodWorker.java:146)
at org.testng.internal.TestMethodWorker.run(TestMethodWorker.java:128)
at java.base/java.util.concurrent.ThreadPoolExecutor.runWorker(ThreadPoolExecutor.java:1128)
at java.base/java.util.concurrent.ThreadPoolExecutor$Worker.run(ThreadPoolExecutor.java:628)
at java.base/java.lang.Thread.run(Thread.java:834)
]]>
    </error>
  </testcase> <!-- signIn -->
  <system-out/>
</testsuite> <!-- testNGTest.AmazonSignInTest -->
